<?xml version="1.0" encoding="UTF-8"?>
<!-- Generated by org.testng.reporters.JUnitXMLReporter -->
<testsuite ignored="4" hostname="Nitinshetty" failures="0" tests="1" name="Test" time="0.132" errors="0" timestamp="2024-10-19T15:22:05 IST">
  <testcase classname="TestNgPrograms.Post" name="beforeSuite4" time="0.039"/>
  <testcase classname="TestNgPrograms.Post1" name="beforeSuite4" time="0.0">
    <ignored/>
  </testcase> <!-- beforeSuite4 -->
  <testcase classname="TestNgPrograms.Pre" name="@AfterTest afterTest" time="0.0">
    <ignored/>
  </testcase> <!-- @AfterTest afterTest -->
  <testcase classname="TestNgPrograms.Pre" name="@AfterSuite afterSuite" time="0.0">
    <ignored/>
  </testcase> <!-- @AfterSuite afterSuite -->
  <testcase classname="TestNgPrograms.Pre" name="@BeforeTest beforeTest" time="0.0">
    <ignored/>
  </testcase> <!-- @BeforeTest beforeTest -->
</testsuite> <!-- Test -->
